<?xml version="1.0" encoding="UTF-8"?>
<!-- Generated by org.testng.reporters.JUnitXMLReporter -->
<testsuite hostname="DESKTOP-VTBT3RG" ignored="0" name="Default test" tests="2" failures="0" timestamp="2023-06-07T08:22:37 IST" time="29.388" errors="0">
  <testcase name="EnterValidSearchCriteria" time="6.134" classname="TestCase.MakemyTripFlightSearch"/>
  <testcase name="EnterSameFromandToInSearchCriteria" time="1.549" classname="TestCase.MakemyTripFlightSearch"/>
</testsuite> <!-- Default test -->
