<?xml version="1.0" encoding="UTF-8"?>
<!-- Generated by org.testng.reporters.JUnitXMLReporter -->
<testsuite hostname="DESKTOP-VTBT3RG" ignored="1" name="Test" tests="5" failures="1" timestamp="2023-06-02T08:05:16 IST" time="0.114" errors="0">
  <testcase name="Testcase3" time="0.005" classname="TestNgConcepts.TestNGSecondClass"/>
  <testcase name="Testcase4" time="0.001" classname="TestNgConcepts.TestNGSecondClass"/>
  <testcase name="Testcase1" time="0.076" classname="TestNgConcepts.TestNGFirstclass">
    <failure type="org.testng.internal.thread.ThreadTimeoutException" message="Method TestNgConcepts.TestNGFirstclass.Testcase1() didn&amp;apos;t finish within the time-out 60">
      <![CDATA[org.testng.internal.thread.ThreadTimeoutException: Method TestNgConcepts.TestNGFirstclass.Testcase1() didn't finish within the time-out 60
at java.util.ArrayList.forEach(ArrayList.java:1259)
... Removed 24 stack frames]]>
    </failure>
  </testcase> <!-- Testcase1 -->
  <testcase name="Testcase2" time="0.0" classname="TestNgConcepts.TestNGFirstclass">
    <skipped/>
  </testcase> <!-- Testcase2 -->
  <testcase name="Testcase3" time="0.001" classname="TestNgConcepts.TestNGFirstclass"/>
  <testcase name="Testcase4" time="0.0" classname="TestNgConcepts.TestNGFirstclass">
    <ignored/>
  </testcase> <!-- Testcase4 -->
</testsuite> <!-- Test -->
