<?xml version="1.0" encoding="UTF-8"?>
<!-- Generated by org.testng.reporters.JUnitXMLReporter -->
<testsuite hostname="DESKTOP-VTBT3RG" ignored="0" name="Test" tests="4" failures="0" timestamp="2023-06-09T08:22:31 IST" time="72.247" errors="0">
  <testcase name="EnterValidSearchCriteria" time="8.428" classname="TestCase.MakemyTripFlightSearch"/>
  <testcase name="EnterValidSearchCriteria" time="6.268" classname="TestCase.MakemyTripFlightSearch"/>
  <testcase name="EnterValidSearchCriteria" time="11.634" classname="TestCase.MakemyTripFlightSearch"/>
  <testcase name="EnterSameFromandToInSearchCriteria" time="0.641" classname="TestCase.MakemyTripFlightSearch"/>
</testsuite> <!-- Test -->
