<?xml version="1.0" encoding="UTF-8"?>
<testng-results skipped="0" failed="0" ignored="0" total="2" passed="2">
  <reporter-output>
  </reporter-output>
  <suite name="Default suite" duration-ms="29388" started-at="2023-06-07T08:22:08 IST" finished-at="2023-06-07T08:22:37 IST">
    <groups>
    </groups>
    <test name="Default test" duration-ms="29388" started-at="2023-06-07T08:22:08 IST" finished-at="2023-06-07T08:22:37 IST">
      <class name="TestCase.MakemyTripFlightSearch">
        <test-method status="PASS" signature="launchTheBrowser()[pri:0, instance:TestCase.MakemyTripFlightSearch@3891771e]" name="launchTheBrowser" is-config="true" duration-ms="2184" started-at="2023-06-07T08:22:05 IST" finished-at="2023-06-07T08:22:08 IST">
          <reporter-output>
          </reporter-output>
        </test-method> <!-- launchTheBrowser -->
        <test-method status="PASS" signature="EnterTheURL()[pri:0, instance:TestCase.MakemyTripFlightSearch@3891771e]" name="EnterTheURL" is-config="true" duration-ms="1687" started-at="2023-06-07T08:22:08 IST" finished-at="2023-06-07T08:22:09 IST">
          <reporter-output>
          </reporter-output>
        </test-method> <!-- EnterTheURL -->
        <test-method status="PASS" signature="deleteAdds()[pri:0, instance:TestCase.MakemyTripFlightSearch@3891771e]" name="deleteAdds" is-config="true" duration-ms="6293" started-at="2023-06-07T08:22:09 IST" finished-at="2023-06-07T08:22:16 IST">
          <reporter-output>
          </reporter-output>
        </test-method> <!-- deleteAdds -->
        <test-method status="PASS" signature="EnterValidSearchCriteria()[pri:0, instance:TestCase.MakemyTripFlightSearch@3891771e]" name="EnterValidSearchCriteria" duration-ms="6134" started-at="2023-06-07T08:22:16 IST" finished-at="2023-06-07T08:22:22 IST">
          <reporter-output>
          </reporter-output>
        </test-method> <!-- EnterValidSearchCriteria -->
        <test-method status="PASS" signature="BaseUrl()[pri:0, instance:TestCase.MakemyTripFlightSearch@3891771e]" name="BaseUrl" is-config="true" duration-ms="6767" started-at="2023-06-07T08:22:22 IST" finished-at="2023-06-07T08:22:29 IST">
          <reporter-output>
          </reporter-output>
        </test-method> <!-- BaseUrl -->
        <test-method status="PASS" signature="EnterSameFromandToInSearchCriteria()[pri:1, instance:TestCase.MakemyTripFlightSearch@3891771e]" name="EnterSameFromandToInSearchCriteria" duration-ms="1549" started-at="2023-06-07T08:22:29 IST" finished-at="2023-06-07T08:22:30 IST">
          <reporter-output>
          </reporter-output>
        </test-method> <!-- EnterSameFromandToInSearchCriteria -->
        <test-method status="PASS" signature="BaseUrl()[pri:0, instance:TestCase.MakemyTripFlightSearch@3891771e]" name="BaseUrl" is-config="true" duration-ms="6932" started-at="2023-06-07T08:22:30 IST" finished-at="2023-06-07T08:22:37 IST">
          <reporter-output>
          </reporter-output>
        </test-method> <!-- BaseUrl -->
      </class> <!-- TestCase.MakemyTripFlightSearch -->
    </test> <!-- Default test -->
  </suite> <!-- Default suite -->
</testng-results>
